This is pdfTeX, Version 3.14159265-2.6-1.40.17 (TeX Live 2016) (preloaded format=pdflatex 2016.6.6)  15 JAN 2018 11:24
entering extended mode
 restricted \write18 enabled.
 file:line:error style messages enabled.
 %&-line parsing enabled.
**exams.tex
(./exams.tex
LaTeX2e <2016/03/31>
Babel <3.9r> and hyphenation patterns for 83 language(s) loaded.
./exams.tex:1: Undefined control sequence.
l.1 \section
            {Mock Exam Notes}
The control sequence at the end of the top line
of your error message was never \def'ed. If you have
misspelled it (e.g., `\hobx'), type `I' and the correct
spelling (e.g., `I\hbox'). Otherwise just continue,
and I'll forget about whatever was undefined.


./exams.tex:1: LaTeX Error: Missing \begin{document}.

See the LaTeX manual or LaTeX Companion for explanation.
Type  H <return>  for immediate help.
 ...                                              
                                                  
l.1 \section{M
              ock Exam Notes}
You're in trouble here.  Try typing  <return>  to proceed.
If that doesn't work, type  X <return>  to quit.

Missing character: There is no M in font nullfont!
Missing character: There is no o in font nullfont!
Missing character: There is no c in font nullfont!
Missing character: There is no k in font nullfont!
Missing character: There is no E in font nullfont!
Missing character: There is no x in font nullfont!
Missing character: There is no a in font nullfont!
Missing character: There is no m in font nullfont!
Missing character: There is no N in font nullfont!
Missing character: There is no o in font nullfont!
Missing character: There is no t in font nullfont!
Missing character: There is no e in font nullfont!
Missing character: There is no s in font nullfont!
./exams.tex:2: Undefined control sequence.
l.2 \subsection
               {MAP solution}
The control sequence at the end of the top line
of your error message was never \def'ed. If you have
misspelled it (e.g., `\hobx'), type `I' and the correct
spelling (e.g., `I\hbox'). Otherwise just continue,
and I'll forget about whatever was undefined.

Missing character: There is no M in font nullfont!
Missing character: There is no A in font nullfont!
Missing character: There is no P in font nullfont!
Missing character: There is no s in font nullfont!
Missing character: There is no o in font nullfont!
Missing character: There is no l in font nullfont!
Missing character: There is no u in font nullfont!
Missing character: There is no t in font nullfont!
Missing character: There is no i in font nullfont!
Missing character: There is no o in font nullfont!
Missing character: There is no n in font nullfont!
LaTeX Font Info:    External font `cmex10' loaded for size
(Font)              <7> on input line 3.
LaTeX Font Info:    External font `cmex10' loaded for size
(Font)              <5> on input line 3.
Missing character: There is no L in font nullfont!
Missing character: There is no i in font nullfont!
Missing character: There is no k in font nullfont!
Missing character: There is no e in font nullfont!
Missing character: There is no l in font nullfont!
Missing character: There is no i in font nullfont!
Missing character: There is no h in font nullfont!
Missing character: There is no o in font nullfont!
Missing character: There is no o in font nullfont!
Missing character: There is no d in font nullfont!
./exams.tex:4: Undefined control sequence.
l.4 ...\prod_k \mathcal{N}(y_{nk}|w_k^Tx_n, \simga
                                                  _k^2)$ and prior $p(w) = \...
The control sequence at the end of the top line
of your error message was never \def'ed. If you have
misspelled it (e.g., `\hobx'), type `I' and the correct
spelling (e.g., `I\hbox'). Otherwise just continue,
and I'll forget about whatever was undefined.

Missing character: There is no a in font nullfont!
Missing character: There is no n in font nullfont!
Missing character: There is no d in font nullfont!
Missing character: There is no p in font nullfont!
Missing character: There is no r in font nullfont!
Missing character: There is no i in font nullfont!
Missing character: There is no o in font nullfont!
Missing character: There is no r in font nullfont!

Overfull \hbox (20.0pt too wide) in paragraph at lines 1--5
[]
 []


Overfull \hbox (32.65881pt too wide) in paragraph at lines 1--5
\OMS/cmsy/m/n/10 L\OT1/cmr/m/n/10 (\OML/cmm/m/it/10 w\OT1/cmr/m/n/10 ) =
 []


Overfull \hbox (76.63257pt too wide) in paragraph at lines 1--5
[][] [][] []\OT1/cmr/m/n/10 (\OML/cmm/m/it/10 y[] \OMS/cmsy/m/n/10 ^^@
 []


Overfull \hbox (40.24709pt too wide) in paragraph at lines 1--5
\OML/cmm/m/it/10 x[]w[]\OT1/cmr/m/n/10 )[] +
 []


Overfull \hbox (65.64946pt too wide) in paragraph at lines 1--5
[] [][] \OMS/cmsy/m/n/10 jj\OML/cmm/m/it/10 w[]\OMS/cmsy/m/n/10 jj[] !$
 []


Overfull \hbox (51.79048pt too wide) in paragraph at lines 1--5
\OML/cmm/m/it/10 p\OT1/cmr/m/n/10 (\OML/cmm/m/it/10 y\OMS/cmsy/m/n/10 j\OML/cmm
/m/it/10 X; w\OT1/cmr/m/n/10 ) =
 []


Overfull \hbox (101.83716pt too wide) in paragraph at lines 1--5
[][] [][] \OMS/cmsy/m/n/10 N\OT1/cmr/m/n/10 (\OML/cmm/m/it/10 y[]\OMS/cmsy/m/n/
10 j\OML/cmm/m/it/10 w[]x[];[] \OT1/cmr/m/n/10 )$
 []


Overfull \hbox (30.79282pt too wide) in paragraph at lines 1--5
\OML/cmm/m/it/10 p\OT1/cmr/m/n/10 (\OML/cmm/m/it/10 w\OT1/cmr/m/n/10 ) =
 []


Overfull \hbox (72.21649pt too wide) in paragraph at lines 1--5
[][] \OMS/cmsy/m/n/10 N\OT1/cmr/m/n/10 (\OML/cmm/m/it/10 w[]\OMS/cmsy/m/n/10 j\
OT1/cmr/m/n/10 0\OML/cmm/m/it/10 ; I[]\OMS/cmsy/m/n/10 j\OT1/cmr/m/n/10 )$ 
 []

./exams.tex:6: Undefined control sequence.
l.6 \section
            {Multiple Choice Notes}
The control sequence at the end of the top line
of your error message was never \def'ed. If you have
misspelled it (e.g., `\hobx'), type `I' and the correct
spelling (e.g., `I\hbox'). Otherwise just continue,
and I'll forget about whatever was undefined.


./exams.tex:6: LaTeX Error: Missing \begin{document}.

See the LaTeX manual or LaTeX Companion for explanation.
Type  H <return>  for immediate help.
 ...                                              
                                                  
l.6 \section{M
              ultiple Choice Notes}
You're in trouble here.  Try typing  <return>  to proceed.
If that doesn't work, type  X <return>  to quit.

Missing character: There is no M in font nullfont!
Missing character: There is no u in font nullfont!
Missing character: There is no l in font nullfont!
Missing character: There is no t in font nullfont!
Missing character: There is no i in font nullfont!
Missing character: There is no p in font nullfont!
Missing character: There is no l in font nullfont!
Missing character: There is no e in font nullfont!
Missing character: There is no C in font nullfont!
Missing character: There is no h in font nullfont!
Missing character: There is no o in font nullfont!
Missing character: There is no i in font nullfont!
Missing character: There is no c in font nullfont!
Missing character: There is no e in font nullfont!
Missing character: There is no N in font nullfont!
Missing character: There is no o in font nullfont!
Missing character: There is no t in font nullfont!
Missing character: There is no e in font nullfont!
Missing character: There is no s in font nullfont!
)
! Emergency stop.
<*> exams.tex
             
*** (job aborted, no legal \end found)

 
Here is how much of TeX's memory you used:
 7 strings out of 493014
 147 string characters out of 6133352
 54601 words of memory out of 5000000
 3650 multiletter control sequences out of 15000+600000
 3640 words of font info for 14 fonts, out of 8000000 for 9000
 1141 hyphenation exceptions out of 8191
 18i,2n,12p,150b,56s stack positions out of 5000i,500n,10000p,200000b,80000s
!  ==> Fatal error occurred, no output PDF file produced!
